2024-10-06T00:08:33.151Z  WARN 87414 --- [id-verification] [HikariPool-1 housekeeper] com.zaxxer.hikari.pool.HikariPool        : HikariPool-1 - Thread starvation or clock leap detected (housekeeper delta=25m30s151ms).
2024-10-06T00:51:28.578Z  WARN 87414 --- [id-verification] [HikariPool-1 housekeeper] com.zaxxer.hikari.pool.HikariPool        : HikariPool-1 - Thread starvation or clock leap detected (housekeeper delta=42m55s427ms).
2024-10-06T02:12:21.438Z  WARN 87414 --- [id-verification] [HikariPool-1 housekeeper] com.zaxxer.hikari.pool.HikariPool        : HikariPool-1 - Thread starvation or clock leap detected (housekeeper delta=1h20m52s860ms).
2024-10-06T03:23:54.075Z  WARN 87414 --- [id-verification] [HikariPool-1 housekeeper] com.zaxxer.hikari.pool.HikariPool        : HikariPool-1 - Thread starvation or clock leap detected (housekeeper delta=1h11m32s636ms).
2024-10-06T04:05:34.579Z  WARN 87414 --- [id-verification] [HikariPool-1 housekeeper] com.zaxxer.hikari.pool.HikariPool        : HikariPool-1 - Thread starvation or clock leap detected (housekeeper delta=41m40s505ms).
2024-10-06T05:47:52.515Z  WARN 87414 --- [id-verification] [HikariPool-1 housekeeper] com.zaxxer.hikari.pool.HikariPool        : HikariPool-1 - Thread starvation or clock leap detected (housekeeper delta=1h42m17s936ms).
2024-10-06T06:54:04.500Z  WARN 87414 --- [id-verification] [HikariPool-1 housekeeper] com.zaxxer.hikari.pool.HikariPool        : HikariPool-1 - Thread starvation or clock leap detected (housekeeper delta=1h6m11s985ms).
2024-10-06T07:24:33.914Z  WARN 87414 --- [id-verification] [HikariPool-1 housekeeper] com.zaxxer.hikari.pool.HikariPool        : HikariPool-1 - Thread starvation or clock leap detected (housekeeper delta=30m29s414ms).
2024-10-06T08:24:21.613Z  WARN 87414 --- [id-verification] [HikariPool-1 housekeeper] com.zaxxer.hikari.pool.HikariPool        : HikariPool-1 - Thread starvation or clock leap detected (housekeeper delta=59m47s699ms).
2024-10-06T09:08:44.832Z  WARN 87414 --- [id-verification] [HikariPool-1 housekeeper] com.zaxxer.hikari.pool.HikariPool        : HikariPool-1 - Thread starvation or clock leap detected (housekeeper delta=44m23s219ms).
2024-10-06T09:58:53.291Z  WARN 87414 --- [id-verification] [HikariPool-1 housekeeper] com.zaxxer.hikari.pool.HikariPool        : HikariPool-1 - Thread starvation or clock leap detected (housekeeper delta=50m8s458ms).
2024-10-06T11:00:46.034Z  WARN 87414 --- [id-verification] [HikariPool-1 housekeeper] com.zaxxer.hikari.pool.HikariPool        : HikariPool-1 - Thread starvation or clock leap detected (housekeeper delta=1h1m52s744ms).
2024-10-06T11:46:20.152Z  WARN 87414 --- [id-verification] [HikariPool-1 housekeeper] com.zaxxer.hikari.pool.HikariPool        : HikariPool-1 - Thread starvation or clock leap detected (housekeeper delta=45m34s117ms).
2024-10-06T12:06:02.186Z  WARN 87414 --- [id-verification] [HikariPool-1 housekeeper] com.zaxxer.hikari.pool.HikariPool        : HikariPool-1 - Thread starvation or clock leap detected (housekeeper delta=19m42s35ms).
2024-10-06T12:16:27.914Z  WARN 87414 --- [id-verification] [HikariPool-1 housekeeper] com.zaxxer.hikari.pool.HikariPool        : HikariPool-1 - Thread starvation or clock leap detected (housekeeper delta=10m25s728ms).
2024-10-06T12:31:05.812Z  WARN 87414 --- [id-verification] [HikariPool-1 housekeeper] com.zaxxer.hikari.pool.HikariPool        : HikariPool-1 - Thread starvation or clock leap detected (housekeeper delta=14m37s898ms).
2024-10-06T12:39:04.080Z  WARN 87414 --- [id-verification] [HikariPool-1 housekeeper] com.zaxxer.hikari.pool.HikariPool        : HikariPool-1 - Thread starvation or clock leap detected (housekeeper delta=7m26s195ms).
2024-10-06T12:55:59.269Z  WARN 87414 --- [id-verification] [HikariPool-1 housekeeper] com.zaxxer.hikari.pool.HikariPool        : HikariPool-1 - Thread starvation or clock leap detected (housekeeper delta=16m25s177ms).
2024-10-06T13:15:06.593Z  INFO 87414 --- [id-verification] [SpringApplicationShutdownHook] j.LocalContainerEntityManagerFactoryBean : Closing JPA EntityManagerFactory for persistence unit 'default'
2024-10-06T13:15:06.596Z  INFO 87414 --- [id-verification] [SpringApplicationShutdownHook] com.zaxxer.hikari.HikariDataSource       : HikariPool-1 - Shutdown initiated...
2024-10-06T13:15:06.597Z  INFO 87414 --- [id-verification] [SpringApplicationShutdownHook] com.zaxxer.hikari.HikariDataSource       : HikariPool-1 - Shutdown completed.
2024-10-06T13:15:08.751Z  INFO 22648 --- [id-verification] [main] g.c.i.i.IdVerificationApplication        : Starting IdVerificationApplication using Java 17.0.10 with PID 22648 (/Users/nicholasarkaah/ContractProjects/id-verification/target/classes started by nicholasarkaah in /Users/nicholasarkaah/ContractProjects/id-verification)
2024-10-06T13:15:08.752Z  INFO 22648 --- [id-verification] [main] g.c.i.i.IdVerificationApplication        : No active profile set, falling back to 1 default profile: "default"
2024-10-06T13:15:09.068Z  INFO 22648 --- [id-verification] [main] .s.d.r.c.RepositoryConfigurationDelegate : Bootstrapping Spring Data JPA repositories in DEFAULT mode.
2024-10-06T13:15:09.077Z  INFO 22648 --- [id-verification] [main] .s.d.r.c.RepositoryConfigurationDelegate : Finished Spring Data repository scanning in 5 ms. Found 0 JPA repository interfaces.
2024-10-06T13:15:09.289Z  INFO 22648 --- [id-verification] [main] o.s.b.w.embedded.tomcat.TomcatWebServer  : Tomcat initialized with port 8085 (http)
2024-10-06T13:15:09.295Z  INFO 22648 --- [id-verification] [main] o.apache.catalina.core.StandardService   : Starting service [Tomcat]
2024-10-06T13:15:09.295Z  INFO 22648 --- [id-verification] [main] o.apache.catalina.core.StandardEngine    : Starting Servlet engine: [Apache Tomcat/10.1.28]
2024-10-06T13:15:09.320Z  INFO 22648 --- [id-verification] [main] o.a.c.c.C.[Tomcat].[localhost].[/]       : Initializing Spring embedded WebApplicationContext
2024-10-06T13:15:09.320Z  INFO 22648 --- [id-verification] [main] w.s.c.ServletWebServerApplicationContext : Root WebApplicationContext: initialization completed in 544 ms
2024-10-06T13:15:09.387Z  INFO 22648 --- [id-verification] [main] o.hibernate.jpa.internal.util.LogHelper  : HHH000204: Processing PersistenceUnitInfo [name: default]
2024-10-06T13:15:09.412Z  INFO 22648 --- [id-verification] [main] org.hibernate.Version                    : HHH000412: Hibernate ORM core version 6.5.2.Final
2024-10-06T13:15:09.426Z  INFO 22648 --- [id-verification] [main] o.h.c.internal.RegionFactoryInitiator    : HHH000026: Second-level cache disabled
2024-10-06T13:15:09.547Z  INFO 22648 --- [id-verification] [main] o.s.o.j.p.SpringPersistenceUnitInfo      : No LoadTimeWeaver setup: ignoring JPA class transformer
2024-10-06T13:15:09.558Z  INFO 22648 --- [id-verification] [main] com.zaxxer.hikari.HikariDataSource       : HikariPool-1 - Starting...
2024-10-06T13:15:09.641Z  INFO 22648 --- [id-verification] [main] com.zaxxer.hikari.pool.HikariPool        : HikariPool-1 - Added connection org.postgresql.jdbc.PgConnection@45796b2a
2024-10-06T13:15:09.641Z  INFO 22648 --- [id-verification] [main] com.zaxxer.hikari.HikariDataSource       : HikariPool-1 - Start completed.
2024-10-06T13:15:09.807Z  INFO 22648 --- [id-verification] [main] o.h.e.t.j.p.i.JtaPlatformInitiator       : HHH000489: No JTA platform available (set 'hibernate.transaction.jta.platform' to enable JTA platform integration)
2024-10-06T13:15:09.809Z  INFO 22648 --- [id-verification] [main] j.LocalContainerEntityManagerFactoryBean : Initialized JPA EntityManagerFactory for persistence unit 'default'
2024-10-06T13:15:09.887Z  WARN 22648 --- [id-verification] [main] JpaBaseConfiguration$JpaWebConfiguration : spring.jpa.open-in-view is enabled by default. Therefore, database queries may be performed during view rendering. Explicitly configure spring.jpa.open-in-view to disable this warning
2024-10-06T13:15:10.082Z  INFO 22648 --- [id-verification] [main] o.s.b.w.embedded.tomcat.TomcatWebServer  : Tomcat started on port 8085 (http) with context path '/'
2024-10-06T13:15:10.087Z  INFO 22648 --- [id-verification] [main] g.c.i.i.IdVerificationApplication        : Started IdVerificationApplication in 1.532 seconds (process running for 1.696)
2024-10-06T13:16:11.575Z  INFO 22648 --- [id-verification] [SpringApplicationShutdownHook] j.LocalContainerEntityManagerFactoryBean : Closing JPA EntityManagerFactory for persistence unit 'default'
2024-10-06T13:16:11.576Z  INFO 22648 --- [id-verification] [SpringApplicationShutdownHook] com.zaxxer.hikari.HikariDataSource       : HikariPool-1 - Shutdown initiated...
2024-10-06T13:16:11.578Z  INFO 22648 --- [id-verification] [SpringApplicationShutdownHook] com.zaxxer.hikari.HikariDataSource       : HikariPool-1 - Shutdown completed.
2024-10-06T13:16:13.252Z  INFO 22794 --- [id-verification] [main] g.c.i.i.IdVerificationApplication        : Starting IdVerificationApplication using Java 17.0.10 with PID 22794 (/Users/nicholasarkaah/ContractProjects/id-verification/target/classes started by nicholasarkaah in /Users/nicholasarkaah/ContractProjects/id-verification)
2024-10-06T13:16:13.254Z  INFO 22794 --- [id-verification] [main] g.c.i.i.IdVerificationApplication        : No active profile set, falling back to 1 default profile: "default"
2024-10-06T13:16:13.565Z  INFO 22794 --- [id-verification] [main] .s.d.r.c.RepositoryConfigurationDelegate : Bootstrapping Spring Data JPA repositories in DEFAULT mode.
2024-10-06T13:16:13.573Z  INFO 22794 --- [id-verification] [main] .s.d.r.c.RepositoryConfigurationDelegate : Finished Spring Data repository scanning in 5 ms. Found 0 JPA repository interfaces.
2024-10-06T13:16:13.769Z  INFO 22794 --- [id-verification] [main] o.s.b.w.embedded.tomcat.TomcatWebServer  : Tomcat initialized with port 8085 (http)
2024-10-06T13:16:13.774Z  INFO 22794 --- [id-verification] [main] o.apache.catalina.core.StandardService   : Starting service [Tomcat]
2024-10-06T13:16:13.774Z  INFO 22794 --- [id-verification] [main] o.apache.catalina.core.StandardEngine    : Starting Servlet engine: [Apache Tomcat/10.1.28]
2024-10-06T13:16:13.800Z  INFO 22794 --- [id-verification] [main] o.a.c.c.C.[Tomcat].[localhost].[/]       : Initializing Spring embedded WebApplicationContext
2024-10-06T13:16:13.800Z  INFO 22794 --- [id-verification] [main] w.s.c.ServletWebServerApplicationContext : Root WebApplicationContext: initialization completed in 518 ms
2024-10-06T13:16:13.857Z  INFO 22794 --- [id-verification] [main] o.hibernate.jpa.internal.util.LogHelper  : HHH000204: Processing PersistenceUnitInfo [name: default]
2024-10-06T13:16:13.881Z  INFO 22794 --- [id-verification] [main] org.hibernate.Version                    : HHH000412: Hibernate ORM core version 6.5.2.Final
2024-10-06T13:16:13.893Z  INFO 22794 --- [id-verification] [main] o.h.c.internal.RegionFactoryInitiator    : HHH000026: Second-level cache disabled
2024-10-06T13:16:14.005Z  INFO 22794 --- [id-verification] [main] o.s.o.j.p.SpringPersistenceUnitInfo      : No LoadTimeWeaver setup: ignoring JPA class transformer
2024-10-06T13:16:14.016Z  INFO 22794 --- [id-verification] [main] com.zaxxer.hikari.HikariDataSource       : HikariPool-1 - Starting...
2024-10-06T13:16:14.091Z  INFO 22794 --- [id-verification] [main] com.zaxxer.hikari.pool.HikariPool        : HikariPool-1 - Added connection org.postgresql.jdbc.PgConnection@45796b2a
2024-10-06T13:16:14.092Z  INFO 22794 --- [id-verification] [main] com.zaxxer.hikari.HikariDataSource       : HikariPool-1 - Start completed.
2024-10-06T13:16:14.251Z  INFO 22794 --- [id-verification] [main] o.h.e.t.j.p.i.JtaPlatformInitiator       : HHH000489: No JTA platform available (set 'hibernate.transaction.jta.platform' to enable JTA platform integration)
2024-10-06T13:16:14.253Z  INFO 22794 --- [id-verification] [main] j.LocalContainerEntityManagerFactoryBean : Initialized JPA EntityManagerFactory for persistence unit 'default'
2024-10-06T13:16:14.325Z  WARN 22794 --- [id-verification] [main] JpaBaseConfiguration$JpaWebConfiguration : spring.jpa.open-in-view is enabled by default. Therefore, database queries may be performed during view rendering. Explicitly configure spring.jpa.open-in-view to disable this warning
2024-10-06T13:16:14.509Z  INFO 22794 --- [id-verification] [main] o.s.b.w.embedded.tomcat.TomcatWebServer  : Tomcat started on port 8085 (http) with context path '/'
2024-10-06T13:16:14.517Z  INFO 22794 --- [id-verification] [main] g.c.i.i.IdVerificationApplication        : Started IdVerificationApplication in 1.449 seconds (process running for 1.604)
